Determining if the pthread_create exist failed with the following output:
Change Dir: /home/zaibs/mybot_ws2/build/smach/CMakeFiles/CMakeTmp

Run Build Command:"/usr/bin/make" "cmTC_28bad/fast"
/usr/bin/make -f CMakeFiles/cmTC_28bad.dir/build.make CMakeFiles/cmTC_28bad.dir/build
make[1]: Entering directory '/home/zaibs/mybot_ws2/build/smach/CMakeFiles/CMakeTmp'
Building C object CMakeFiles/cmTC_28bad.dir/CheckSymbolExists.c.o
/usr/bin/cc     -o CMakeFiles/cmTC_28bad.dir/CheckSymbolExists.c.o   -c /home/zaibs/mybot_ws2/build/smach/CMakeFiles/CMakeTmp/CheckSymbolExists.c
Linking C executable cmTC_28bad
/usr/bin/cmake -E cmake_link_script CMakeFiles/cmTC_28bad.dir/link.txt --verbose=1
/usr/bin/cc       CMakeFiles/cmTC_28bad.dir/CheckSymbolExists.c.o  -o cmTC_28bad -rdynamic 
CMakeFiles/cmTC_28bad.dir/CheckSymbolExists.c.o: In function `main':
CheckSymbolExists.c:(.text+0x16): undefined reference to `pthread_create'
collect2: error: ld returned 1 exit status
CMakeFiles/cmTC_28bad.dir/build.make:97: recipe for target 'cmTC_28bad' failed
make[1]: *** [cmTC_28bad] Error 1
make[1]: Leaving directory '/home/zaibs/mybot_ws2/build/smach/CMakeFiles/CMakeTmp'
Makefile:126: recipe for target 'cmTC_28bad/fast' failed
make: *** [cmTC_28bad/fast] Error 2

File /home/zaibs/mybot_ws2/build/smach/CMakeFiles/CMakeTmp/CheckSymbolExists.c:
/* */
#include <pthread.h>

int main(int argc, char** argv)
{
  (void)argv;
#ifndef pthread_create
  return ((int*)(&pthread_create))[argc];
#else
  (void)argc;
  return 0;
#endif
}

Determining if the function pthread_create exists in the pthreads failed with the following output:
Change Dir: /home/zaibs/mybot_ws2/build/smach/CMakeFiles/CMakeTmp

Run Build Command:"/usr/bin/make" "cmTC_1fcf1/fast"
/usr/bin/make -f CMakeFiles/cmTC_1fcf1.dir/build.make CMakeFiles/cmTC_1fcf1.dir/build
make[1]: Entering directory '/home/zaibs/mybot_ws2/build/smach/CMakeFiles/CMakeTmp'
Building C object CMakeFiles/cmTC_1fcf1.dir/CheckFunctionExists.c.o
/usr/bin/cc    -DCHECK_FUNCTION_EXISTS=pthread_create   -o CMakeFiles/cmTC_1fcf1.dir/CheckFunctionExists.c.o   -c /usr/share/cmake-3.5/Modules/CheckFunctionExists.c
Linking C executable cmTC_1fcf1
/usr/bin/cmake -E cmake_link_script CMakeFiles/cmTC_1fcf1.dir/link.txt --verbose=1
/usr/bin/cc   -DCHECK_FUNCTION_EXISTS=pthread_create    CMakeFiles/cmTC_1fcf1.dir/CheckFunctionExists.c.o  -o cmTC_1fcf1 -rdynamic -lpthreads 
/usr/bin/ld: cannot find -lpthreads
collect2: error: ld returned 1 exit status
CMakeFiles/cmTC_1fcf1.dir/build.make:97: recipe for target 'cmTC_1fcf1' failed
make[1]: *** [cmTC_1fcf1] Error 1
make[1]: Leaving directory '/home/zaibs/mybot_ws2/build/smach/CMakeFiles/CMakeTmp'
Makefile:126: recipe for target 'cmTC_1fcf1/fast' failed
make: *** [cmTC_1fcf1/fast] Error 2


