Linked: (/home/zaibs/mybot_ws2/devel/.private/smach_msgs/include/smach_msgs/SmachContainerInitialStatusCmd.h, /home/zaibs/mybot_ws2/devel/include/smach_msgs/SmachContainerInitialStatusCmd.h)
Linked: (/home/zaibs/mybot_ws2/devel/.private/smach_msgs/include/smach_msgs/SmachContainerStatus.h, /home/zaibs/mybot_ws2/devel/include/smach_msgs/SmachContainerStatus.h)
Linked: (/home/zaibs/mybot_ws2/devel/.private/smach_msgs/include/smach_msgs/SmachContainerStructure.h, /home/zaibs/mybot_ws2/devel/include/smach_msgs/SmachContainerStructure.h)
Linked: (/home/zaibs/mybot_ws2/devel/.private/smach_msgs/share/common-lisp/ros/smach_msgs/msg/SmachContainerInitialStatusCmd.lisp, /home/zaibs/mybot_ws2/devel/share/common-lisp/ros/smach_msgs/msg/SmachContainerInitialStatusCmd.lisp)
Linked: (/home/zaibs/mybot_ws2/devel/.private/smach_msgs/share/common-lisp/ros/smach_msgs/msg/smach_msgs-msg.asd, /home/zaibs/mybot_ws2/devel/share/common-lisp/ros/smach_msgs/msg/smach_msgs-msg.asd)
Linked: (/home/zaibs/mybot_ws2/devel/.private/smach_msgs/share/common-lisp/ros/smach_msgs/msg/_package_SmachContainerStructure.lisp, /home/zaibs/mybot_ws2/devel/share/common-lisp/ros/smach_msgs/msg/_package_SmachContainerStructure.lisp)
Linked: (/home/zaibs/mybot_ws2/devel/.private/smach_msgs/share/common-lisp/ros/smach_msgs/msg/_package.lisp, /home/zaibs/mybot_ws2/devel/share/common-lisp/ros/smach_msgs/msg/_package.lisp)
Linked: (/home/zaibs/mybot_ws2/devel/.private/smach_msgs/share/common-lisp/ros/smach_msgs/msg/SmachContainerStructure.lisp, /home/zaibs/mybot_ws2/devel/share/common-lisp/ros/smach_msgs/msg/SmachContainerStructure.lisp)
Linked: (/home/zaibs/mybot_ws2/devel/.private/smach_msgs/share/common-lisp/ros/smach_msgs/msg/_package_SmachContainerInitialStatusCmd.lisp, /home/zaibs/mybot_ws2/devel/share/common-lisp/ros/smach_msgs/msg/_package_SmachContainerInitialStatusCmd.lisp)
Linked: (/home/zaibs/mybot_ws2/devel/.private/smach_msgs/share/common-lisp/ros/smach_msgs/msg/SmachContainerStatus.lisp, /home/zaibs/mybot_ws2/devel/share/common-lisp/ros/smach_msgs/msg/SmachContainerStatus.lisp)
Linked: (/home/zaibs/mybot_ws2/devel/.private/smach_msgs/share/common-lisp/ros/smach_msgs/msg/_package_SmachContainerStatus.lisp, /home/zaibs/mybot_ws2/devel/share/common-lisp/ros/smach_msgs/msg/_package_SmachContainerStatus.lisp)
Linked: (/home/zaibs/mybot_ws2/devel/.private/smach_msgs/share/gennodejs/ros/smach_msgs/_index.js, /home/zaibs/mybot_ws2/devel/share/gennodejs/ros/smach_msgs/_index.js)
Linked: (/home/zaibs/mybot_ws2/devel/.private/smach_msgs/share/gennodejs/ros/smach_msgs/msg/SmachContainerStructure.js, /home/zaibs/mybot_ws2/devel/share/gennodejs/ros/smach_msgs/msg/SmachContainerStructure.js)
Linked: (/home/zaibs/mybot_ws2/devel/.private/smach_msgs/share/gennodejs/ros/smach_msgs/msg/_index.js, /home/zaibs/mybot_ws2/devel/share/gennodejs/ros/smach_msgs/msg/_index.js)
Linked: (/home/zaibs/mybot_ws2/devel/.private/smach_msgs/share/gennodejs/ros/smach_msgs/msg/SmachContainerInitialStatusCmd.js, /home/zaibs/mybot_ws2/devel/share/gennodejs/ros/smach_msgs/msg/SmachContainerInitialStatusCmd.js)
Linked: (/home/zaibs/mybot_ws2/devel/.private/smach_msgs/share/gennodejs/ros/smach_msgs/msg/SmachContainerStatus.js, /home/zaibs/mybot_ws2/devel/share/gennodejs/ros/smach_msgs/msg/SmachContainerStatus.js)
Linked: (/home/zaibs/mybot_ws2/devel/.private/smach_msgs/share/roseus/ros/smach_msgs/manifest.l, /home/zaibs/mybot_ws2/devel/share/roseus/ros/smach_msgs/manifest.l)
Linked: (/home/zaibs/mybot_ws2/devel/.private/smach_msgs/share/roseus/ros/smach_msgs/msg/SmachContainerStatus.l, /home/zaibs/mybot_ws2/devel/share/roseus/ros/smach_msgs/msg/SmachContainerStatus.l)
Linked: (/home/zaibs/mybot_ws2/devel/.private/smach_msgs/share/roseus/ros/smach_msgs/msg/SmachContainerInitialStatusCmd.l, /home/zaibs/mybot_ws2/devel/share/roseus/ros/smach_msgs/msg/SmachContainerInitialStatusCmd.l)
Linked: (/home/zaibs/mybot_ws2/devel/.private/smach_msgs/share/roseus/ros/smach_msgs/msg/SmachContainerStructure.l, /home/zaibs/mybot_ws2/devel/share/roseus/ros/smach_msgs/msg/SmachContainerStructure.l)
Linked: (/home/zaibs/mybot_ws2/devel/.private/smach_msgs/share/smach_msgs/cmake/smach_msgsConfig.cmake, /home/zaibs/mybot_ws2/devel/share/smach_msgs/cmake/smach_msgsConfig.cmake)
Linked: (/home/zaibs/mybot_ws2/devel/.private/smach_msgs/share/smach_msgs/cmake/smach_msgs-msg-extras.cmake, /home/zaibs/mybot_ws2/devel/share/smach_msgs/cmake/smach_msgs-msg-extras.cmake)
Linked: (/home/zaibs/mybot_ws2/devel/.private/smach_msgs/share/smach_msgs/cmake/smach_msgs-msg-paths.cmake, /home/zaibs/mybot_ws2/devel/share/smach_msgs/cmake/smach_msgs-msg-paths.cmake)
Linked: (/home/zaibs/mybot_ws2/devel/.private/smach_msgs/share/smach_msgs/cmake/smach_msgsConfig-version.cmake, /home/zaibs/mybot_ws2/devel/share/smach_msgs/cmake/smach_msgsConfig-version.cmake)
Linked: (/home/zaibs/mybot_ws2/devel/.private/smach_msgs/lib/python2.7/dist-packages/smach_msgs/__init__.py, /home/zaibs/mybot_ws2/devel/lib/python2.7/dist-packages/smach_msgs/__init__.py)
Linked: (/home/zaibs/mybot_ws2/devel/.private/smach_msgs/lib/python2.7/dist-packages/smach_msgs/msg/_SmachContainerInitialStatusCmd.py, /home/zaibs/mybot_ws2/devel/lib/python2.7/dist-packages/smach_msgs/msg/_SmachContainerInitialStatusCmd.py)
Linked: (/home/zaibs/mybot_ws2/devel/.private/smach_msgs/lib/python2.7/dist-packages/smach_msgs/msg/__init__.py, /home/zaibs/mybot_ws2/devel/lib/python2.7/dist-packages/smach_msgs/msg/__init__.py)
Linked: (/home/zaibs/mybot_ws2/devel/.private/smach_msgs/lib/python2.7/dist-packages/smach_msgs/msg/_SmachContainerStatus.py, /home/zaibs/mybot_ws2/devel/lib/python2.7/dist-packages/smach_msgs/msg/_SmachContainerStatus.py)
Linked: (/home/zaibs/mybot_ws2/devel/.private/smach_msgs/lib/python2.7/dist-packages/smach_msgs/msg/_SmachContainerStructure.py, /home/zaibs/mybot_ws2/devel/lib/python2.7/dist-packages/smach_msgs/msg/_SmachContainerStructure.py)
Linked: (/home/zaibs/mybot_ws2/devel/.private/smach_msgs/lib/pkgconfig/smach_msgs.pc, /home/zaibs/mybot_ws2/devel/lib/pkgconfig/smach_msgs.pc)
