Determining if the pthread_create exist failed with the following output:
Change Dir: /home/zaibs/mybot_ws2/build/catkin_tools_prebuild/CMakeFiles/CMakeTmp

Run Build Command:"/usr/bin/make" "cmTC_0094e/fast"
/usr/bin/make -f CMakeFiles/cmTC_0094e.dir/build.make CMakeFiles/cmTC_0094e.dir/build
make[1]: Entering directory '/home/zaibs/mybot_ws2/build/catkin_tools_prebuild/CMakeFiles/CMakeTmp'
Building C object CMakeFiles/cmTC_0094e.dir/CheckSymbolExists.c.o
/usr/bin/cc     -o CMakeFiles/cmTC_0094e.dir/CheckSymbolExists.c.o   -c /home/zaibs/mybot_ws2/build/catkin_tools_prebuild/CMakeFiles/CMakeTmp/CheckSymbolExists.c
Linking C executable cmTC_0094e
/usr/bin/cmake -E cmake_link_script CMakeFiles/cmTC_0094e.dir/link.txt --verbose=1
/usr/bin/cc       CMakeFiles/cmTC_0094e.dir/CheckSymbolExists.c.o  -o cmTC_0094e -rdynamic 
CMakeFiles/cmTC_0094e.dir/CheckSymbolExists.c.o: In function `main':
CheckSymbolExists.c:(.text+0x16): undefined reference to `pthread_create'
collect2: error: ld returned 1 exit status
CMakeFiles/cmTC_0094e.dir/build.make:97: recipe for target 'cmTC_0094e' failed
make[1]: *** [cmTC_0094e] Error 1
make[1]: Leaving directory '/home/zaibs/mybot_ws2/build/catkin_tools_prebuild/CMakeFiles/CMakeTmp'
Makefile:126: recipe for target 'cmTC_0094e/fast' failed
make: *** [cmTC_0094e/fast] Error 2

File /home/zaibs/mybot_ws2/build/catkin_tools_prebuild/CMakeFiles/CMakeTmp/CheckSymbolExists.c:
/* */
#include <pthread.h>

int main(int argc, char** argv)
{
  (void)argv;
#ifndef pthread_create
  return ((int*)(&pthread_create))[argc];
#else
  (void)argc;
  return 0;
#endif
}

Determining if the function pthread_create exists in the pthreads failed with the following output:
Change Dir: /home/zaibs/mybot_ws2/build/catkin_tools_prebuild/CMakeFiles/CMakeTmp

Run Build Command:"/usr/bin/make" "cmTC_c7762/fast"
/usr/bin/make -f CMakeFiles/cmTC_c7762.dir/build.make CMakeFiles/cmTC_c7762.dir/build
make[1]: Entering directory '/home/zaibs/mybot_ws2/build/catkin_tools_prebuild/CMakeFiles/CMakeTmp'
Building C object CMakeFiles/cmTC_c7762.dir/CheckFunctionExists.c.o
/usr/bin/cc    -DCHECK_FUNCTION_EXISTS=pthread_create   -o CMakeFiles/cmTC_c7762.dir/CheckFunctionExists.c.o   -c /usr/share/cmake-3.5/Modules/CheckFunctionExists.c
Linking C executable cmTC_c7762
/usr/bin/cmake -E cmake_link_script CMakeFiles/cmTC_c7762.dir/link.txt --verbose=1
/usr/bin/cc   -DCHECK_FUNCTION_EXISTS=pthread_create    CMakeFiles/cmTC_c7762.dir/CheckFunctionExists.c.o  -o cmTC_c7762 -rdynamic -lpthreads 
/usr/bin/ld: cannot find -lpthreads
collect2: error: ld returned 1 exit status
CMakeFiles/cmTC_c7762.dir/build.make:97: recipe for target 'cmTC_c7762' failed
make[1]: *** [cmTC_c7762] Error 1
make[1]: Leaving directory '/home/zaibs/mybot_ws2/build/catkin_tools_prebuild/CMakeFiles/CMakeTmp'
Makefile:126: recipe for target 'cmTC_c7762/fast' failed
make: *** [cmTC_c7762/fast] Error 2


