Determining if the pthread_create exist failed with the following output:
Change Dir: /home/zaibs/mybot_ws2/build/mybot_description/CMakeFiles/CMakeTmp

Run Build Command:"/usr/bin/make" "cmTC_7677f/fast"
/usr/bin/make -f CMakeFiles/cmTC_7677f.dir/build.make CMakeFiles/cmTC_7677f.dir/build
make[1]: Entering directory '/home/zaibs/mybot_ws2/build/mybot_description/CMakeFiles/CMakeTmp'
Building C object CMakeFiles/cmTC_7677f.dir/CheckSymbolExists.c.o
/usr/bin/cc     -o CMakeFiles/cmTC_7677f.dir/CheckSymbolExists.c.o   -c /home/zaibs/mybot_ws2/build/mybot_description/CMakeFiles/CMakeTmp/CheckSymbolExists.c
Linking C executable cmTC_7677f
/usr/bin/cmake -E cmake_link_script CMakeFiles/cmTC_7677f.dir/link.txt --verbose=1
/usr/bin/cc       CMakeFiles/cmTC_7677f.dir/CheckSymbolExists.c.o  -o cmTC_7677f -rdynamic 
CMakeFiles/cmTC_7677f.dir/CheckSymbolExists.c.o: In function `main':
CheckSymbolExists.c:(.text+0x16): undefined reference to `pthread_create'
collect2: error: ld returned 1 exit status
CMakeFiles/cmTC_7677f.dir/build.make:97: recipe for target 'cmTC_7677f' failed
make[1]: *** [cmTC_7677f] Error 1
make[1]: Leaving directory '/home/zaibs/mybot_ws2/build/mybot_description/CMakeFiles/CMakeTmp'
Makefile:126: recipe for target 'cmTC_7677f/fast' failed
make: *** [cmTC_7677f/fast] Error 2

File /home/zaibs/mybot_ws2/build/mybot_description/CMakeFiles/CMakeTmp/CheckSymbolExists.c:
/* */
#include <pthread.h>

int main(int argc, char** argv)
{
  (void)argv;
#ifndef pthread_create
  return ((int*)(&pthread_create))[argc];
#else
  (void)argc;
  return 0;
#endif
}

Determining if the function pthread_create exists in the pthreads failed with the following output:
Change Dir: /home/zaibs/mybot_ws2/build/mybot_description/CMakeFiles/CMakeTmp

Run Build Command:"/usr/bin/make" "cmTC_9aafb/fast"
/usr/bin/make -f CMakeFiles/cmTC_9aafb.dir/build.make CMakeFiles/cmTC_9aafb.dir/build
make[1]: Entering directory '/home/zaibs/mybot_ws2/build/mybot_description/CMakeFiles/CMakeTmp'
Building C object CMakeFiles/cmTC_9aafb.dir/CheckFunctionExists.c.o
/usr/bin/cc    -DCHECK_FUNCTION_EXISTS=pthread_create   -o CMakeFiles/cmTC_9aafb.dir/CheckFunctionExists.c.o   -c /usr/share/cmake-3.5/Modules/CheckFunctionExists.c
Linking C executable cmTC_9aafb
/usr/bin/cmake -E cmake_link_script CMakeFiles/cmTC_9aafb.dir/link.txt --verbose=1
/usr/bin/cc   -DCHECK_FUNCTION_EXISTS=pthread_create    CMakeFiles/cmTC_9aafb.dir/CheckFunctionExists.c.o  -o cmTC_9aafb -rdynamic -lpthreads 
/usr/bin/ld: cannot find -lpthreads
collect2: error: ld returned 1 exit status
CMakeFiles/cmTC_9aafb.dir/build.make:97: recipe for target 'cmTC_9aafb' failed
make[1]: *** [cmTC_9aafb] Error 1
make[1]: Leaving directory '/home/zaibs/mybot_ws2/build/mybot_description/CMakeFiles/CMakeTmp'
Makefile:126: recipe for target 'cmTC_9aafb/fast' failed
make: *** [cmTC_9aafb/fast] Error 2


