Determining if the pthread_create exist failed with the following output:
Change Dir: /home/zaibs/mybot_ws2/build/smach_ros/CMakeFiles/CMakeTmp

Run Build Command:"/usr/bin/make" "cmTC_2c8ee/fast"
/usr/bin/make -f CMakeFiles/cmTC_2c8ee.dir/build.make CMakeFiles/cmTC_2c8ee.dir/build
make[1]: Entering directory '/home/zaibs/mybot_ws2/build/smach_ros/CMakeFiles/CMakeTmp'
Building C object CMakeFiles/cmTC_2c8ee.dir/CheckSymbolExists.c.o
/usr/bin/cc     -o CMakeFiles/cmTC_2c8ee.dir/CheckSymbolExists.c.o   -c /home/zaibs/mybot_ws2/build/smach_ros/CMakeFiles/CMakeTmp/CheckSymbolExists.c
Linking C executable cmTC_2c8ee
/usr/bin/cmake -E cmake_link_script CMakeFiles/cmTC_2c8ee.dir/link.txt --verbose=1
/usr/bin/cc       CMakeFiles/cmTC_2c8ee.dir/CheckSymbolExists.c.o  -o cmTC_2c8ee -rdynamic 
CMakeFiles/cmTC_2c8ee.dir/CheckSymbolExists.c.o: In function `main':
CheckSymbolExists.c:(.text+0x16): undefined reference to `pthread_create'
collect2: error: ld returned 1 exit status
CMakeFiles/cmTC_2c8ee.dir/build.make:97: recipe for target 'cmTC_2c8ee' failed
make[1]: *** [cmTC_2c8ee] Error 1
make[1]: Leaving directory '/home/zaibs/mybot_ws2/build/smach_ros/CMakeFiles/CMakeTmp'
Makefile:126: recipe for target 'cmTC_2c8ee/fast' failed
make: *** [cmTC_2c8ee/fast] Error 2

File /home/zaibs/mybot_ws2/build/smach_ros/CMakeFiles/CMakeTmp/CheckSymbolExists.c:
/* */
#include <pthread.h>

int main(int argc, char** argv)
{
  (void)argv;
#ifndef pthread_create
  return ((int*)(&pthread_create))[argc];
#else
  (void)argc;
  return 0;
#endif
}

Determining if the function pthread_create exists in the pthreads failed with the following output:
Change Dir: /home/zaibs/mybot_ws2/build/smach_ros/CMakeFiles/CMakeTmp

Run Build Command:"/usr/bin/make" "cmTC_a12fe/fast"
/usr/bin/make -f CMakeFiles/cmTC_a12fe.dir/build.make CMakeFiles/cmTC_a12fe.dir/build
make[1]: Entering directory '/home/zaibs/mybot_ws2/build/smach_ros/CMakeFiles/CMakeTmp'
Building C object CMakeFiles/cmTC_a12fe.dir/CheckFunctionExists.c.o
/usr/bin/cc    -DCHECK_FUNCTION_EXISTS=pthread_create   -o CMakeFiles/cmTC_a12fe.dir/CheckFunctionExists.c.o   -c /usr/share/cmake-3.5/Modules/CheckFunctionExists.c
Linking C executable cmTC_a12fe
/usr/bin/cmake -E cmake_link_script CMakeFiles/cmTC_a12fe.dir/link.txt --verbose=1
/usr/bin/cc   -DCHECK_FUNCTION_EXISTS=pthread_create    CMakeFiles/cmTC_a12fe.dir/CheckFunctionExists.c.o  -o cmTC_a12fe -rdynamic -lpthreads 
/usr/bin/ld: cannot find -lpthreads
collect2: error: ld returned 1 exit status
CMakeFiles/cmTC_a12fe.dir/build.make:97: recipe for target 'cmTC_a12fe' failed
make[1]: *** [cmTC_a12fe] Error 1
make[1]: Leaving directory '/home/zaibs/mybot_ws2/build/smach_ros/CMakeFiles/CMakeTmp'
Makefile:126: recipe for target 'cmTC_a12fe/fast' failed
make: *** [cmTC_a12fe/fast] Error 2


