Determining if the pthread_create exist failed with the following output:
Change Dir: /home/zaibs/mybot_ws2/build/mybot_navigation/CMakeFiles/CMakeTmp

Run Build Command:"/usr/bin/make" "cmTC_6011a/fast"
/usr/bin/make -f CMakeFiles/cmTC_6011a.dir/build.make CMakeFiles/cmTC_6011a.dir/build
make[1]: Entering directory '/home/zaibs/mybot_ws2/build/mybot_navigation/CMakeFiles/CMakeTmp'
Building C object CMakeFiles/cmTC_6011a.dir/CheckSymbolExists.c.o
/usr/bin/cc     -o CMakeFiles/cmTC_6011a.dir/CheckSymbolExists.c.o   -c /home/zaibs/mybot_ws2/build/mybot_navigation/CMakeFiles/CMakeTmp/CheckSymbolExists.c
Linking C executable cmTC_6011a
/usr/bin/cmake -E cmake_link_script CMakeFiles/cmTC_6011a.dir/link.txt --verbose=1
/usr/bin/cc       CMakeFiles/cmTC_6011a.dir/CheckSymbolExists.c.o  -o cmTC_6011a -rdynamic 
CMakeFiles/cmTC_6011a.dir/CheckSymbolExists.c.o: In function `main':
CheckSymbolExists.c:(.text+0x16): undefined reference to `pthread_create'
collect2: error: ld returned 1 exit status
CMakeFiles/cmTC_6011a.dir/build.make:97: recipe for target 'cmTC_6011a' failed
make[1]: *** [cmTC_6011a] Error 1
make[1]: Leaving directory '/home/zaibs/mybot_ws2/build/mybot_navigation/CMakeFiles/CMakeTmp'
Makefile:126: recipe for target 'cmTC_6011a/fast' failed
make: *** [cmTC_6011a/fast] Error 2

File /home/zaibs/mybot_ws2/build/mybot_navigation/CMakeFiles/CMakeTmp/CheckSymbolExists.c:
/* */
#include <pthread.h>

int main(int argc, char** argv)
{
  (void)argv;
#ifndef pthread_create
  return ((int*)(&pthread_create))[argc];
#else
  (void)argc;
  return 0;
#endif
}

Determining if the function pthread_create exists in the pthreads failed with the following output:
Change Dir: /home/zaibs/mybot_ws2/build/mybot_navigation/CMakeFiles/CMakeTmp

Run Build Command:"/usr/bin/make" "cmTC_41bae/fast"
/usr/bin/make -f CMakeFiles/cmTC_41bae.dir/build.make CMakeFiles/cmTC_41bae.dir/build
make[1]: Entering directory '/home/zaibs/mybot_ws2/build/mybot_navigation/CMakeFiles/CMakeTmp'
Building C object CMakeFiles/cmTC_41bae.dir/CheckFunctionExists.c.o
/usr/bin/cc    -DCHECK_FUNCTION_EXISTS=pthread_create   -o CMakeFiles/cmTC_41bae.dir/CheckFunctionExists.c.o   -c /usr/share/cmake-3.5/Modules/CheckFunctionExists.c
Linking C executable cmTC_41bae
/usr/bin/cmake -E cmake_link_script CMakeFiles/cmTC_41bae.dir/link.txt --verbose=1
/usr/bin/cc   -DCHECK_FUNCTION_EXISTS=pthread_create    CMakeFiles/cmTC_41bae.dir/CheckFunctionExists.c.o  -o cmTC_41bae -rdynamic -lpthreads 
/usr/bin/ld: cannot find -lpthreads
collect2: error: ld returned 1 exit status
CMakeFiles/cmTC_41bae.dir/build.make:97: recipe for target 'cmTC_41bae' failed
make[1]: *** [cmTC_41bae] Error 1
make[1]: Leaving directory '/home/zaibs/mybot_ws2/build/mybot_navigation/CMakeFiles/CMakeTmp'
Makefile:126: recipe for target 'cmTC_41bae/fast' failed
make: *** [cmTC_41bae/fast] Error 2


